2026-07-06 15:12:24 [main] INFO  com.pokemon.blog.BlogApplication - Starting BlogApplication using Java 26.0.1 with PID 7471 (/home/lemoi/Downloads/blog/target/classes started by lemoi in /home/lemoi/Downloads/blog)
2026-07-06 15:12:24 [main] DEBUG com.pokemon.blog.BlogApplication - Running with Spring Boot v3.5.15, Spring v6.2.19
2026-07-06 15:12:24 [main] INFO  com.pokemon.blog.BlogApplication - No active profile set, falling back to 1 default profile: "default"
2026-07-06 15:12:25 [main] INFO  o.s.d.r.c.RepositoryConfigurationDelegate - Bootstrapping Spring Data JPA repositories in DEFAULT mode.
2026-07-06 15:12:25 [main] INFO  o.s.d.r.c.RepositoryConfigurationDelegate - Finished Spring Data repository scanning in 35 ms. Found 5 JPA repository interfaces.
2026-07-06 15:12:25 [main] INFO  o.s.b.w.e.tomcat.TomcatWebServer - Tomcat initialized with port 8080 (http)
2026-07-06 15:12:25 [main] INFO  o.a.catalina.core.StandardService - Starting service [Tomcat]
2026-07-06 15:12:25 [main] INFO  o.a.catalina.core.StandardEngine - Starting Servlet engine: [Apache Tomcat/10.1.55]
2026-07-06 15:12:25 [main] INFO  o.a.c.c.C.[Tomcat].[localhost].[/] - Initializing Spring embedded WebApplicationContext
2026-07-06 15:12:25 [main] INFO  o.s.b.w.s.c.ServletWebServerApplicationContext - Root WebApplicationContext: initialization completed in 1020 ms
2026-07-06 15:12:26 [main] INFO  o.h.jpa.internal.util.LogHelper - HHH000204: Processing PersistenceUnitInfo [name: default]
2026-07-06 15:12:26 [main] INFO  org.hibernate.Version - HHH000412: Hibernate ORM core version 6.6.53.Final
2026-07-06 15:12:26 [main] INFO  o.h.c.i.RegionFactoryInitiator - HHH000026: Second-level cache disabled
2026-07-06 15:12:26 [main] INFO  o.s.o.j.p.SpringPersistenceUnitInfo - No LoadTimeWeaver setup: ignoring JPA class transformer
2026-07-06 15:12:26 [main] INFO  com.zaxxer.hikari.HikariDataSource - HikariPool-1 - Starting...
2026-07-06 15:12:26 [main] INFO  com.zaxxer.hikari.pool.HikariPool - HikariPool-1 - Added connection org.mariadb.jdbc.Connection@74a85515
2026-07-06 15:12:26 [main] INFO  com.zaxxer.hikari.HikariDataSource - HikariPool-1 - Start completed.
2026-07-06 15:12:26 [main] INFO  o.hibernate.orm.connections.pooling - HHH10001005: Database info:
	Database JDBC URL [Connecting through datasource 'HikariDataSource (HikariPool-1)']
	Database driver: undefined/unknown
	Database version: 12.2.2
	Autocommit mode: undefined/unknown
	Isolation level: undefined/unknown
	Minimum pool size: undefined/unknown
	Maximum pool size: undefined/unknown
2026-07-06 15:12:26 [main] INFO  o.h.e.t.j.p.i.JtaPlatformInitiator - HHH000489: No JTA platform available (set 'hibernate.transaction.jta.platform' to enable JTA platform integration)
2026-07-06 15:12:26 [main] INFO  o.s.o.j.LocalContainerEntityManagerFactoryBean - Initialized JPA EntityManagerFactory for persistence unit 'default'
2026-07-06 15:12:27 [main] DEBUG c.p.b.auth.JwtAuthenticationFilter - Filter 'jwtAuthenticationFilter' configured for use
2026-07-06 15:12:27 [main] WARN  o.s.b.a.o.j.JpaBaseConfiguration$JpaWebConfiguration - spring.jpa.open-in-view is enabled by default. Therefore, database queries may be performed during view rendering. Explicitly configure spring.jpa.open-in-view to disable this warning
2026-07-06 15:12:27 [main] WARN  o.s.b.a.s.s.UserDetailsServiceAutoConfiguration - 

Using generated security password: deb3ed06-b87f-4c82-b413-c2ad4f428b45

This generated password is for development use only. Your security configuration must be updated before running your application in production.

2026-07-06 15:12:27 [main] INFO  o.s.s.c.a.a.c.InitializeUserDetailsBeanManagerConfigurer$InitializeUserDetailsManagerConfigurer - Global AuthenticationManager configured with UserDetailsService bean with name inMemoryUserDetailsManager
2026-07-06 15:12:27 [main] WARN  o.s.s.c.a.w.c.AuthorizeHttpRequestsConfigurer$AuthorizationManagerRequestMatcherRegistry - One of the patterns in [GET, /posts] is missing a leading slash. This is discouraged; please include the leading slash in all your request matcher patterns. In future versions of Spring Security, leaving out the leading slash will result in an exception.
2026-07-06 15:12:27 [main] WARN  o.s.s.c.a.w.c.AuthorizeHttpRequestsConfigurer$AuthorizationManagerRequestMatcherRegistry - One of the patterns in [GET, /posts/**] is missing a leading slash. This is discouraged; please include the leading slash in all your request matcher patterns. In future versions of Spring Security, leaving out the leading slash will result in an exception.
2026-07-06 15:12:27 [main] WARN  o.s.s.c.a.w.c.AuthorizeHttpRequestsConfigurer$AuthorizationManagerRequestMatcherRegistry - One of the patterns in [GET, /pokemons] is missing a leading slash. This is discouraged; please include the leading slash in all your request matcher patterns. In future versions of Spring Security, leaving out the leading slash will result in an exception.
2026-07-06 15:12:27 [main] WARN  o.s.s.c.a.w.c.AuthorizeHttpRequestsConfigurer$AuthorizationManagerRequestMatcherRegistry - One of the patterns in [GET, /pokemons/**] is missing a leading slash. This is discouraged; please include the leading slash in all your request matcher patterns. In future versions of Spring Security, leaving out the leading slash will result in an exception.
2026-07-06 15:12:27 [main] WARN  o.s.s.c.a.w.c.AuthorizeHttpRequestsConfigurer$AuthorizationManagerRequestMatcherRegistry - One of the patterns in [GET, /users] is missing a leading slash. This is discouraged; please include the leading slash in all your request matcher patterns. In future versions of Spring Security, leaving out the leading slash will result in an exception.
2026-07-06 15:12:27 [main] WARN  o.s.s.c.a.w.c.AuthorizeHttpRequestsConfigurer$AuthorizationManagerRequestMatcherRegistry - One of the patterns in [GET, /users/**] is missing a leading slash. This is discouraged; please include the leading slash in all your request matcher patterns. In future versions of Spring Security, leaving out the leading slash will result in an exception.
2026-07-06 15:12:27 [main] WARN  o.s.s.c.a.w.c.AuthorizeHttpRequestsConfigurer$AuthorizationManagerRequestMatcherRegistry - One of the patterns in [POST, /auth/login] is missing a leading slash. This is discouraged; please include the leading slash in all your request matcher patterns. In future versions of Spring Security, leaving out the leading slash will result in an exception.
2026-07-06 15:12:27 [main] WARN  o.s.s.c.a.w.c.AuthorizeHttpRequestsConfigurer$AuthorizationManagerRequestMatcherRegistry - One of the patterns in [POST, /users] is missing a leading slash. This is discouraged; please include the leading slash in all your request matcher patterns. In future versions of Spring Security, leaving out the leading slash will result in an exception.
2026-07-06 15:12:27 [main] INFO  o.s.b.w.e.tomcat.TomcatWebServer - Tomcat started on port 8080 (http) with context path '/'
2026-07-06 15:12:27 [main] INFO  com.pokemon.blog.BlogApplication - Started BlogApplication in 3.314 seconds (process running for 3.584)
2026-07-06 15:13:03 [http-nio-8080-exec-4] INFO  o.a.c.c.C.[Tomcat].[localhost].[/] - Initializing Spring DispatcherServlet 'dispatcherServlet'
2026-07-06 15:13:03 [http-nio-8080-exec-4] INFO  o.s.web.servlet.DispatcherServlet - Initializing Servlet 'dispatcherServlet'
2026-07-06 15:13:03 [http-nio-8080-exec-4] INFO  o.s.web.servlet.DispatcherServlet - Completed initialization in 0 ms
2026-07-06 15:13:03 [http-nio-8080-exec-4] INFO  c.p.b.service.impl.PostServiceImpl - Lấy posts với pagination: page=0, size=5
2026-07-06 15:13:03 [http-nio-8080-exec-4] DEBUG c.p.b.service.impl.PostServiceImpl - Trả về 0 posts từ tổng 0 posts
2026-07-06 15:13:20 [http-nio-8080-exec-5] INFO  c.p.b.service.impl.PostServiceImpl - Lấy posts với pagination: page=1, size=5
2026-07-06 15:13:20 [http-nio-8080-exec-5] DEBUG c.p.b.service.impl.PostServiceImpl - Trả về 0 posts từ tổng 0 posts
2026-07-06 15:13:43 [http-nio-8080-exec-2] INFO  c.p.b.service.impl.PostServiceImpl - Lấy posts với pagination: page=0, size=10
2026-07-06 15:13:43 [http-nio-8080-exec-2] DEBUG c.p.b.service.impl.PostServiceImpl - Trả về 0 posts từ tổng 0 posts
2026-07-06 15:14:06 [http-nio-8080-exec-3] INFO  c.p.b.service.impl.PostServiceImpl - Tìm kiếm posts với keyword: pikachu (page=0, size=5)
2026-07-06 15:14:06 [http-nio-8080-exec-3] INFO  c.p.b.service.impl.PostServiceImpl - Tìm thấy 0 posts với keyword: pikachu
2026-07-06 15:14:29 [http-nio-8080-exec-9] INFO  c.p.b.service.impl.PostServiceImpl - Lấy posts với pagination: page=100, size=10
2026-07-06 15:14:29 [http-nio-8080-exec-9] DEBUG c.p.b.service.impl.PostServiceImpl - Trả về 0 posts từ tổng 0 posts
2026-07-06 15:17:40 [SpringApplicationShutdownHook] INFO  o.s.b.w.e.tomcat.GracefulShutdown - Commencing graceful shutdown. Waiting for active requests to complete
2026-07-06 15:17:40 [tomcat-shutdown] INFO  o.s.b.w.e.tomcat.GracefulShutdown - Graceful shutdown complete
2026-07-06 15:17:40 [SpringApplicationShutdownHook] INFO  o.s.o.j.LocalContainerEntityManagerFactoryBean - Closing JPA EntityManagerFactory for persistence unit 'default'
2026-07-06 15:17:40 [SpringApplicationShutdownHook] INFO  com.zaxxer.hikari.HikariDataSource - HikariPool-1 - Shutdown initiated...
2026-07-06 15:17:40 [SpringApplicationShutdownHook] INFO  com.zaxxer.hikari.HikariDataSource - HikariPool-1 - Shutdown completed.
